<?xml version="1.0" encoding="UTF-8"?>
<!-- Generated by org.testng.reporters.JUnitReportReporter -->
<testsuite hostname="vivek" name="OodlesDB.Salestest" tests="1" failures="0" timestamp="15 Feb 2019 07:56:20 GMT" time="39.071" errors="0">
  <testcase name="verifyPaginationonleadpage" time="39.071" classname="OodlesDB.Salestest"/>
</testsuite> <!-- OodlesDB.Salestest -->
