<?xml version="1.0" encoding="UTF-8"?>
<!-- Generated by org.testng.reporters.JUnitReportReporter -->
<testsuite hostname="vivek" name="ODB.OodlesDB.homepage" tests="2" failures="0" timestamp="18 Dec 2018 12:44:29 GMT" time="91.219" errors="0">
  <testcase name="navigation" time="42.694" classname="ODB.OodlesDB.homepage"/>
  <testcase name="navigation" time="48.525" classname="ODB.OodlesDB.homepage"/>
</testsuite> <!-- ODB.OodlesDB.homepage -->
