<?xml version="1.0" encoding="UTF-8"?>
<!-- Generated by org.testng.reporters.JUnitReportReporter -->
<testsuite hostname="vivek" name="OodlesDB.Validdashboardhome" tests="1" failures="0" timestamp="21 Feb 2019 06:53:35 GMT" time="10.925" errors="0">
  <testcase name="dashboardnavigate" time="10.925" classname="OodlesDB.Validdashboardhome"/>
</testsuite> <!-- OodlesDB.Validdashboardhome -->
