<?xml version="1.0" encoding="UTF-8"?>
<!-- Generated by org.testng.reporters.JUnitReportReporter -->
<testsuite hostname="vivek" name="OodlesDB.codereviewtest" tests="1" failures="0" timestamp="14 Mar 2019 10:39:47 GMT" time="6.090" errors="0">
  <testcase name="delete" time="6.090" classname="OodlesDB.codereviewtest"/>
</testsuite> <!-- OodlesDB.codereviewtest -->
