<?xml version="1.0" encoding="UTF-8"?>
<!-- Generated by org.testng.reporters.JUnitReportReporter -->
<testsuite hostname="vivek" name="ODB.OodlesDB.validatetitle" tests="1" failures="0" timestamp="27 Dec 2018 10:01:14 GMT" time="3.035" errors="0">
  <testcase name="navigation1" time="3.035" classname="ODB.OodlesDB.validatetitle"/>
</testsuite> <!-- ODB.OodlesDB.validatetitle -->
