<?xml version="1.0" encoding="UTF-8"?>
<!-- Generated by org.testng.reporters.JUnitReportReporter -->
<testsuite hostname="vivek" name="OodlesDB.Validdashboardhome" tests="1" failures="0" timestamp="14 Jan 2019 07:15:54 GMT" time="6.735" errors="0">
  <testcase name="dashboardnavigate" time="6.735" classname="OodlesDB.Validdashboardhome"/>
</testsuite> <!-- OodlesDB.Validdashboardhome -->
