<?xml version="1.0" encoding="UTF-8"?>
<!-- Generated by org.testng.reporters.JUnitReportReporter -->
<testsuite hostname="vivek" name="OodlesDB.ProjectTest" tests="1" failures="0" timestamp="28 Feb 2019 12:46:16 GMT" time="74.201" errors="0">
  <testcase name="Pagination" time="74.201" classname="OodlesDB.ProjectTest"/>
</testsuite> <!-- OodlesDB.ProjectTest -->
