<?xml version="1.0" encoding="UTF-8"?>
<!-- Generated by org.testng.reporters.JUnitReportReporter -->
<testsuite hostname="vivek" name="ODB.OodlesDB.Validdashboardhome" tests="1" failures="0" timestamp="3 Jan 2019 08:06:47 GMT" time="7.828" errors="0">
  <testcase name="dashboardnavigate" time="7.828" classname="ODB.OodlesDB.Validdashboardhome"/>
</testsuite> <!-- ODB.OodlesDB.Validdashboardhome -->
