<?xml version="1.0" encoding="UTF-8"?>
<!-- Generated by org.testng.reporters.JUnitReportReporter -->
<testsuite hostname="vivek" name="OodlesDB.AppTest" tests="1" failures="0" timestamp="11 Jan 2019 11:05:41 GMT" time="0.034" errors="0">
  <testcase name="testApp" time="0.034" classname="OodlesDB.AppTest"/>
</testsuite> <!-- OodlesDB.AppTest -->
